<?xml version="1.0" encoding="UTF-8"?>
<!-- Generated by org.testng.reporters.JUnitXMLReporter -->
<testsuite hostname="dineshkila" ignored="0" name="Default test" tests="5" failures="0" timestamp="25 Sep 2023 14:52:55 GMT" time="47.294" errors="0">
  <testcase name="gettingCuurentURLtest" time="2.916" classname="com.teststore.testcases.LoginPageTest"/>
  <testcase name="loginTest" time="3.163" classname="com.teststore.testcases.LoginPageTest"/>
  <testcase name="loginTest" time="2.867" classname="com.teststore.testcases.LoginPageTest"/>
  <testcase name="loginTest" time="2.208" classname="com.teststore.testcases.LoginPageTest"/>
  <testcase name="loginTest" time="2.636" classname="com.teststore.testcases.LoginPageTest"/>
</testsuite> <!-- Default test -->
