<?xml version="1.0" encoding="UTF-8"?>
<!-- Generated by org.testng.reporters.JUnitXMLReporter -->
<testsuite hostname="dineshkila" ignored="21" name="Regression" tests="3" failures="0" timestamp="26 Sep 2023 04:58:22 GMT" time="116.381" errors="0">
  <testcase name="addToCartPageTest" time="11.457" classname="com.teststore.testcases.AddToCartPageTest"/>
  <testcase name="confirmOrderTest" time="17.563" classname="com.teststore.testcases.OrderConfirmPageTest"/>
  <testcase name="endToEndTest" time="16.024" classname="com.teststore.testcases.EndToEndTest"/>
  <testcase name="@BeforeSuite beforeSuite" time="0.0" classname="com.teststore.base.BaseClass">
    <ignored/>
  </testcase> <!-- @BeforeSuite beforeSuite -->
  <testcase name="@BeforeSuite beforeSuite" time="0.0" classname="com.teststore.base.BaseClass">
    <ignored/>
  </testcase> <!-- @BeforeSuite beforeSuite -->
  <testcase name="@BeforeSuite beforeSuite" time="0.0" classname="com.teststore.base.BaseClass">
    <ignored/>
  </testcase> <!-- @BeforeSuite beforeSuite -->
  <testcase name="@BeforeSuite beforeSuite" time="0.0" classname="com.teststore.base.BaseClass">
    <ignored/>
  </testcase> <!-- @BeforeSuite beforeSuite -->
  <testcase name="@BeforeSuite beforeSuite" time="0.0" classname="com.teststore.base.BaseClass">
    <ignored/>
  </testcase> <!-- @BeforeSuite beforeSuite -->
  <testcase name="@BeforeSuite beforeSuite" time="0.0" classname="com.teststore.base.BaseClass">
    <ignored/>
  </testcase> <!-- @BeforeSuite beforeSuite -->
  <testcase name="@BeforeSuite beforeSuite" time="0.0" classname="com.teststore.base.BaseClass">
    <ignored/>
  </testcase> <!-- @BeforeSuite beforeSuite -->
  <testcase name="getMyStoreTitleTest" time="0.0" classname="com.teststore.testcases.IndexPageTest">
    <ignored/>
  </testcase> <!-- getMyStoreTitleTest -->
  <testcase name="searchArmaniProduct" time="0.0" classname="com.teststore.testcases.SearchProductPageTest">
    <ignored/>
  </testcase> <!-- searchArmaniProduct -->
  <testcase name="@AfterSuite afterSuite" time="0.0" classname="com.teststore.base.BaseClass">
    <ignored/>
  </testcase> <!-- @AfterSuite afterSuite -->
  <testcase name="@AfterSuite afterSuite" time="0.0" classname="com.teststore.base.BaseClass">
    <ignored/>
  </testcase> <!-- @AfterSuite afterSuite -->
  <testcase name="@AfterSuite afterSuite" time="0.0" classname="com.teststore.base.BaseClass">
    <ignored/>
  </testcase> <!-- @AfterSuite afterSuite -->
  <testcase name="@AfterSuite afterSuite" time="0.0" classname="com.teststore.base.BaseClass">
    <ignored/>
  </testcase> <!-- @AfterSuite afterSuite -->
  <testcase name="@AfterSuite afterSuite" time="0.0" classname="com.teststore.base.BaseClass">
    <ignored/>
  </testcase> <!-- @AfterSuite afterSuite -->
  <testcase name="@AfterSuite afterSuite" time="0.0" classname="com.teststore.base.BaseClass">
    <ignored/>
  </testcase> <!-- @AfterSuite afterSuite -->
  <testcase name="@AfterSuite afterSuite" time="0.0" classname="com.teststore.base.BaseClass">
    <ignored/>
  </testcase> <!-- @AfterSuite afterSuite -->
  <testcase name="loginTest" time="0.0" classname="com.teststore.testcases.LoginPageTest">
    <ignored/>
  </testcase> <!-- loginTest -->
  <testcase name="checkOutTest" time="0.0" classname="com.teststore.testcases.CheckOutPageTest">
    <ignored/>
  </testcase> <!-- checkOutTest -->
  <testcase name="validateWellcomeMSG" time="0.0" classname="com.teststore.testcases.HomePageTest">
    <ignored/>
  </testcase> <!-- validateWellcomeMSG -->
  <testcase name="verifyingMyStoreLogo" time="0.0" classname="com.teststore.testcases.IndexPageTest">
    <ignored/>
  </testcase> <!-- verifyingMyStoreLogo -->
  <testcase name="gettingCuurentURLtest" time="0.0" classname="com.teststore.testcases.LoginPageTest">
    <ignored/>
  </testcase> <!-- gettingCuurentURLtest -->
</testsuite> <!-- Regression -->
