<?xml version="1.0" encoding="UTF-8"?>
<!-- Generated by org.testng.reporters.JUnitXMLReporter -->
<testsuite hostname="dineshkila" ignored="18" name="Sanity" tests="9" failures="0" timestamp="25 Sep 2023 15:55:19 GMT" time="115.121" errors="0">
  <testcase name="gettingCuurentURLtest" time="3.509" classname="com.teststore.testcases.LoginPageTest"/>
  <testcase name="loginTest" time="2.974" classname="com.teststore.testcases.LoginPageTest"/>
  <testcase name="loginTest" time="2.501" classname="com.teststore.testcases.LoginPageTest"/>
  <testcase name="loginTest" time="2.483" classname="com.teststore.testcases.LoginPageTest"/>
  <testcase name="loginTest" time="2.658" classname="com.teststore.testcases.LoginPageTest"/>
  <testcase name="searchArmaniProduct" time="5.295" classname="com.teststore.testcases.SearchProductPageTest"/>
  <testcase name="addToCartPageTest" time="6.97" classname="com.teststore.testcases.AddToCartPageTest"/>
  <testcase name="checkOutTest" time="10.017" classname="com.teststore.testcases.CheckOutPageTest"/>
  <testcase name="confirmOrderTest" time="13.453" classname="com.teststore.testcases.OrderConfirmPageTest"/>
  <testcase name="@BeforeSuite beforeSuite" time="0.0" classname="com.teststore.base.BaseClass">
    <ignored/>
  </testcase> <!-- @BeforeSuite beforeSuite -->
  <testcase name="@BeforeSuite beforeSuite" time="0.0" classname="com.teststore.base.BaseClass">
    <ignored/>
  </testcase> <!-- @BeforeSuite beforeSuite -->
  <testcase name="@BeforeSuite beforeSuite" time="0.0" classname="com.teststore.base.BaseClass">
    <ignored/>
  </testcase> <!-- @BeforeSuite beforeSuite -->
  <testcase name="@BeforeSuite beforeSuite" time="0.0" classname="com.teststore.base.BaseClass">
    <ignored/>
  </testcase> <!-- @BeforeSuite beforeSuite -->
  <testcase name="@BeforeSuite beforeSuite" time="0.0" classname="com.teststore.base.BaseClass">
    <ignored/>
  </testcase> <!-- @BeforeSuite beforeSuite -->
  <testcase name="@BeforeSuite beforeSuite" time="0.0" classname="com.teststore.base.BaseClass">
    <ignored/>
  </testcase> <!-- @BeforeSuite beforeSuite -->
  <testcase name="@BeforeSuite beforeSuite" time="0.0" classname="com.teststore.base.BaseClass">
    <ignored/>
  </testcase> <!-- @BeforeSuite beforeSuite -->
  <testcase name="endToEndTest" time="0.0" classname="com.teststore.testcases.EndToEndTest">
    <ignored/>
  </testcase> <!-- endToEndTest -->
  <testcase name="getMyStoreTitleTest" time="0.0" classname="com.teststore.testcases.IndexPageTest">
    <ignored/>
  </testcase> <!-- getMyStoreTitleTest -->
  <testcase name="@AfterSuite afterSuite" time="0.0" classname="com.teststore.base.BaseClass">
    <ignored/>
  </testcase> <!-- @AfterSuite afterSuite -->
  <testcase name="@AfterSuite afterSuite" time="0.0" classname="com.teststore.base.BaseClass">
    <ignored/>
  </testcase> <!-- @AfterSuite afterSuite -->
  <testcase name="@AfterSuite afterSuite" time="0.0" classname="com.teststore.base.BaseClass">
    <ignored/>
  </testcase> <!-- @AfterSuite afterSuite -->
  <testcase name="@AfterSuite afterSuite" time="0.0" classname="com.teststore.base.BaseClass">
    <ignored/>
  </testcase> <!-- @AfterSuite afterSuite -->
  <testcase name="@AfterSuite afterSuite" time="0.0" classname="com.teststore.base.BaseClass">
    <ignored/>
  </testcase> <!-- @AfterSuite afterSuite -->
  <testcase name="@AfterSuite afterSuite" time="0.0" classname="com.teststore.base.BaseClass">
    <ignored/>
  </testcase> <!-- @AfterSuite afterSuite -->
  <testcase name="@AfterSuite afterSuite" time="0.0" classname="com.teststore.base.BaseClass">
    <ignored/>
  </testcase> <!-- @AfterSuite afterSuite -->
  <testcase name="validateWellcomeMSG" time="0.0" classname="com.teststore.testcases.HomePageTest">
    <ignored/>
  </testcase> <!-- validateWellcomeMSG -->
  <testcase name="verifyingMyStoreLogo" time="0.0" classname="com.teststore.testcases.IndexPageTest">
    <ignored/>
  </testcase> <!-- verifyingMyStoreLogo -->
</testsuite> <!-- Sanity -->
