<?xml version="1.0" encoding="UTF-8"?>
<!-- Generated by org.testng.reporters.JUnitXMLReporter -->
<testsuite hostname="dineshkila" ignored="18" name="Smoke" tests="9" failures="1" timestamp="26 Sep 2023 05:16:06 GMT" time="123.087" errors="0">
  <testcase name="validateWellcomeMSG" time="3.834" classname="com.teststore.testcases.HomePageTest"/>
  <testcase name="getMyStoreTitleTest" time="0.028" classname="com.teststore.testcases.IndexPageTest"/>
  <testcase name="verifyingMyStoreLogo" time="0.288" classname="com.teststore.testcases.IndexPageTest">
    <failure type="java.lang.AssertionError" message="expected [false] but found [true]">
      <![CDATA[java.lang.AssertionError: expected [false] but found [true]
at com.teststore.testcases.IndexPageTest.verifyingMyStoreLogo(IndexPageTest.java:33)
... Removed 29 stack frames]]>
    </failure>
  </testcase> <!-- verifyingMyStoreLogo -->
  <testcase name="searchArmaniProduct" time="7.133" classname="com.teststore.testcases.SearchProductPageTest"/>
  <testcase name="gettingCuurentURLtest" time="4.401" classname="com.teststore.testcases.LoginPageTest"/>
  <testcase name="loginTest" time="4.37" classname="com.teststore.testcases.LoginPageTest"/>
  <testcase name="loginTest" time="3.431" classname="com.teststore.testcases.LoginPageTest"/>
  <testcase name="loginTest" time="3.499" classname="com.teststore.testcases.LoginPageTest"/>
  <testcase name="loginTest" time="4.332" classname="com.teststore.testcases.LoginPageTest"/>
  <testcase name="addToCartPageTest" time="0.0" classname="com.teststore.testcases.AddToCartPageTest">
    <ignored/>
  </testcase> <!-- addToCartPageTest -->
  <testcase name="@BeforeSuite beforeSuite" time="0.0" classname="com.teststore.base.BaseClass">
    <ignored/>
  </testcase> <!-- @BeforeSuite beforeSuite -->
  <testcase name="@BeforeSuite beforeSuite" time="0.0" classname="com.teststore.base.BaseClass">
    <ignored/>
  </testcase> <!-- @BeforeSuite beforeSuite -->
  <testcase name="@BeforeSuite beforeSuite" time="0.0" classname="com.teststore.base.BaseClass">
    <ignored/>
  </testcase> <!-- @BeforeSuite beforeSuite -->
  <testcase name="@BeforeSuite beforeSuite" time="0.0" classname="com.teststore.base.BaseClass">
    <ignored/>
  </testcase> <!-- @BeforeSuite beforeSuite -->
  <testcase name="@BeforeSuite beforeSuite" time="0.0" classname="com.teststore.base.BaseClass">
    <ignored/>
  </testcase> <!-- @BeforeSuite beforeSuite -->
  <testcase name="@BeforeSuite beforeSuite" time="0.0" classname="com.teststore.base.BaseClass">
    <ignored/>
  </testcase> <!-- @BeforeSuite beforeSuite -->
  <testcase name="@BeforeSuite beforeSuite" time="0.0" classname="com.teststore.base.BaseClass">
    <ignored/>
  </testcase> <!-- @BeforeSuite beforeSuite -->
  <testcase name="endToEndTest" time="0.0" classname="com.teststore.testcases.EndToEndTest">
    <ignored/>
  </testcase> <!-- endToEndTest -->
  <testcase name="confirmOrderTest" time="0.0" classname="com.teststore.testcases.OrderConfirmPageTest">
    <ignored/>
  </testcase> <!-- confirmOrderTest -->
  <testcase name="@AfterSuite afterSuite" time="0.0" classname="com.teststore.base.BaseClass">
    <ignored/>
  </testcase> <!-- @AfterSuite afterSuite -->
  <testcase name="@AfterSuite afterSuite" time="0.0" classname="com.teststore.base.BaseClass">
    <ignored/>
  </testcase> <!-- @AfterSuite afterSuite -->
  <testcase name="@AfterSuite afterSuite" time="0.0" classname="com.teststore.base.BaseClass">
    <ignored/>
  </testcase> <!-- @AfterSuite afterSuite -->
  <testcase name="@AfterSuite afterSuite" time="0.0" classname="com.teststore.base.BaseClass">
    <ignored/>
  </testcase> <!-- @AfterSuite afterSuite -->
  <testcase name="@AfterSuite afterSuite" time="0.0" classname="com.teststore.base.BaseClass">
    <ignored/>
  </testcase> <!-- @AfterSuite afterSuite -->
  <testcase name="@AfterSuite afterSuite" time="0.0" classname="com.teststore.base.BaseClass">
    <ignored/>
  </testcase> <!-- @AfterSuite afterSuite -->
  <testcase name="@AfterSuite afterSuite" time="0.0" classname="com.teststore.base.BaseClass">
    <ignored/>
  </testcase> <!-- @AfterSuite afterSuite -->
  <testcase name="checkOutTest" time="0.0" classname="com.teststore.testcases.CheckOutPageTest">
    <ignored/>
  </testcase> <!-- checkOutTest -->
</testsuite> <!-- Smoke -->
