<?xml version="1.0" encoding="UTF-8"?>
<!-- Generated by org.testng.reporters.JUnitXMLReporter -->
<testsuite hostname="dineshkila" ignored="14" name="Test" tests="10" failures="0" timestamp="25 Sep 2023 12:43:26 GMT" time="159.394" errors="0">
  <testcase name="getMyStoreTitleTest" time="0.083" classname="com.teststore.testcases.IndexPageTest"/>
  <testcase name="verifyingMyStoreLogo" time="0.276" classname="com.teststore.testcases.IndexPageTest"/>
  <testcase name="gettingCuurentURLtest" time="2.681" classname="com.teststore.testcases.LoginPageTest"/>
  <testcase name="loginTest" time="2.529" classname="com.teststore.testcases.LoginPageTest"/>
  <testcase name="validateWellcomeMSG" time="3.384" classname="com.teststore.testcases.HomePageTest"/>
  <testcase name="searchArmaniProduct" time="5.376" classname="com.teststore.testcases.SearchProductPageTest"/>
  <testcase name="addToCartPageTest" time="17.231" classname="com.teststore.testcases.AddToCartPageTest"/>
  <testcase name="checkOutTest" time="18.945" classname="com.teststore.testcases.CheckOutPageTest"/>
  <testcase name="confirmOrderTest" time="23.582" classname="com.teststore.testcases.OrderConfirmPageTest"/>
  <testcase name="endToEndTest" time="13.57" classname="com.teststore.testcases.EndToEndTest"/>
  <testcase name="@BeforeSuite beforeSuite" time="0.0" classname="com.teststore.base.BaseClass">
    <ignored/>
  </testcase> <!-- @BeforeSuite beforeSuite -->
  <testcase name="@BeforeSuite beforeSuite" time="0.0" classname="com.teststore.base.BaseClass">
    <ignored/>
  </testcase> <!-- @BeforeSuite beforeSuite -->
  <testcase name="@BeforeSuite beforeSuite" time="0.0" classname="com.teststore.base.BaseClass">
    <ignored/>
  </testcase> <!-- @BeforeSuite beforeSuite -->
  <testcase name="@BeforeSuite beforeSuite" time="0.0" classname="com.teststore.base.BaseClass">
    <ignored/>
  </testcase> <!-- @BeforeSuite beforeSuite -->
  <testcase name="@BeforeSuite beforeSuite" time="0.0" classname="com.teststore.base.BaseClass">
    <ignored/>
  </testcase> <!-- @BeforeSuite beforeSuite -->
  <testcase name="@BeforeSuite beforeSuite" time="0.0" classname="com.teststore.base.BaseClass">
    <ignored/>
  </testcase> <!-- @BeforeSuite beforeSuite -->
  <testcase name="@BeforeSuite beforeSuite" time="0.0" classname="com.teststore.base.BaseClass">
    <ignored/>
  </testcase> <!-- @BeforeSuite beforeSuite -->
  <testcase name="@BeforeTest ReadConfig" time="0.0" classname="com.teststore.base.BaseClass">
    <ignored/>
  </testcase> <!-- @BeforeTest ReadConfig -->
  <testcase name="@BeforeTest ReadConfig" time="0.0" classname="com.teststore.base.BaseClass">
    <ignored/>
  </testcase> <!-- @BeforeTest ReadConfig -->
  <testcase name="@BeforeTest ReadConfig" time="0.0" classname="com.teststore.base.BaseClass">
    <ignored/>
  </testcase> <!-- @BeforeTest ReadConfig -->
  <testcase name="@BeforeTest ReadConfig" time="0.0" classname="com.teststore.base.BaseClass">
    <ignored/>
  </testcase> <!-- @BeforeTest ReadConfig -->
  <testcase name="@BeforeTest ReadConfig" time="0.0" classname="com.teststore.base.BaseClass">
    <ignored/>
  </testcase> <!-- @BeforeTest ReadConfig -->
  <testcase name="@BeforeTest ReadConfig" time="0.0" classname="com.teststore.base.BaseClass">
    <ignored/>
  </testcase> <!-- @BeforeTest ReadConfig -->
  <testcase name="@BeforeTest ReadConfig" time="0.0" classname="com.teststore.base.BaseClass">
    <ignored/>
  </testcase> <!-- @BeforeTest ReadConfig -->
</testsuite> <!-- Test -->
