<?xml version="1.0" encoding="UTF-8"?>
<!-- Generated by org.testng.reporters.JUnitXMLReporter -->
<testsuite hostname="dineshkila" ignored="14" name="Test_All" tests="10" failures="0" timestamp="10 Oct 2023 04:33:38 GMT" time="228.451" errors="0">
  <testcase name="getMyStoreTitleTest" time="0.201" classname="com.teststore.testcases.IndexPageTest"/>
  <testcase name="verifyingMyStoreLogo" time="0.312" classname="com.teststore.testcases.IndexPageTest"/>
  <testcase name="gettingCuurentURLtest" time="4.765" classname="com.teststore.testcases.LoginPageTest"/>
  <testcase name="loginTest" time="0.0" classname="com.teststore.testcases.LoginPageTest">
    <skipped/>
  </testcase> <!-- loginTest -->
  <testcase name="validateWellcomeMSG" time="4.483" classname="com.teststore.testcases.HomePageTest"/>
  <testcase name="searchArmaniProduct" time="7.919" classname="com.teststore.testcases.SearchProductPageTest"/>
  <testcase name="addToCartPageTest" time="11.381" classname="com.teststore.testcases.AddToCartPageTest"/>
  <testcase name="checkOutTest" time="16.278" classname="com.teststore.testcases.CheckOutPageTest"/>
  <testcase name="confirmOrderTest" time="18.558" classname="com.teststore.testcases.OrderConfirmPageTest"/>
  <testcase name="endToEndTest" time="18.133" classname="com.teststore.testcases.EndToEndTest"/>
  <testcase name="@BeforeSuite beforeSuite" time="0.0" classname="com.teststore.base.BaseClass">
    <ignored/>
  </testcase> <!-- @BeforeSuite beforeSuite -->
  <testcase name="@BeforeSuite beforeSuite" time="0.0" classname="com.teststore.base.BaseClass">
    <ignored/>
  </testcase> <!-- @BeforeSuite beforeSuite -->
  <testcase name="@BeforeSuite beforeSuite" time="0.0" classname="com.teststore.base.BaseClass">
    <ignored/>
  </testcase> <!-- @BeforeSuite beforeSuite -->
  <testcase name="@BeforeSuite beforeSuite" time="0.0" classname="com.teststore.base.BaseClass">
    <ignored/>
  </testcase> <!-- @BeforeSuite beforeSuite -->
  <testcase name="@BeforeSuite beforeSuite" time="0.0" classname="com.teststore.base.BaseClass">
    <ignored/>
  </testcase> <!-- @BeforeSuite beforeSuite -->
  <testcase name="@BeforeSuite beforeSuite" time="0.0" classname="com.teststore.base.BaseClass">
    <ignored/>
  </testcase> <!-- @BeforeSuite beforeSuite -->
  <testcase name="@BeforeSuite beforeSuite" time="0.0" classname="com.teststore.base.BaseClass">
    <ignored/>
  </testcase> <!-- @BeforeSuite beforeSuite -->
  <testcase name="@AfterSuite afterSuite" time="0.0" classname="com.teststore.base.BaseClass">
    <ignored/>
  </testcase> <!-- @AfterSuite afterSuite -->
  <testcase name="@AfterSuite afterSuite" time="0.0" classname="com.teststore.base.BaseClass">
    <ignored/>
  </testcase> <!-- @AfterSuite afterSuite -->
  <testcase name="@AfterSuite afterSuite" time="0.0" classname="com.teststore.base.BaseClass">
    <ignored/>
  </testcase> <!-- @AfterSuite afterSuite -->
  <testcase name="@AfterSuite afterSuite" time="0.0" classname="com.teststore.base.BaseClass">
    <ignored/>
  </testcase> <!-- @AfterSuite afterSuite -->
  <testcase name="@AfterSuite afterSuite" time="0.0" classname="com.teststore.base.BaseClass">
    <ignored/>
  </testcase> <!-- @AfterSuite afterSuite -->
  <testcase name="@AfterSuite afterSuite" time="0.0" classname="com.teststore.base.BaseClass">
    <ignored/>
  </testcase> <!-- @AfterSuite afterSuite -->
  <testcase name="@AfterSuite afterSuite" time="0.0" classname="com.teststore.base.BaseClass">
    <ignored/>
  </testcase> <!-- @AfterSuite afterSuite -->
</testsuite> <!-- Test_All -->
