<?xml version="1.0" encoding="UTF-8"?>
<testsuite xmlns:xsi="http://www.w3.org/2001/XMLSchema-instance" xsi:noNamespaceSchemaLocation="https://maven.apache.org/surefire/maven-surefire-plugin/xsd/surefire-test-report-3.0.xsd" version="3.0" name="TestSuite" time="231.366" tests="10" errors="0" skipped="1" failures="0">
  <properties>
[...]
</properties>
  <testcase name="getMyStoreTitleTest" classname="com.teststore.testcases.IndexPageTest" time="0.211"/>
  <testcase name="verifyingMyStoreLogo" classname="com.teststore.testcases.IndexPageTest" time="0.315"/>
  <testcase name="gettingCuurentURLtest" classname="com.teststore.testcases.LoginPageTest" time="4.773"/>
  <testcase name="loginTest" classname="com.teststore.testcases.LoginPageTest" time="0">
    <skipped message="org/apache/poi/ss/usermodel/Date1904Support"/>
    <system-err><![CDATA[[Utils] [ERROR] [Error] java.lang.ClassNotFoundException: org.apache.poi.ss.usermodel.Date1904Support
	at java.net.URLClassLoader.findClass(URLClassLoader.java:382)
	at java.lang.ClassLoader.loadClass(ClassLoader.java:424)
	at sun.misc.Launcher$AppClassLoader.loadClass(Launcher.java:349)
	at java.lang.ClassLoader.loadClass(ClassLoader.java:357)
	at java.lang.ClassLoader.defineClass1(Native Method)
	at java.lang.ClassLoader.defineClass(ClassLoader.java:763)
	at java.security.SecureClassLoader.defineClass(SecureClassLoader.java:142)
	at java.net.URLClassLoader.defineClass(URLClassLoader.java:468)
	at java.net.URLClassLoader.access$100(URLClassLoader.java:74)
	at java.net.URLClassLoader$1.run(URLClassLoader.java:369)
	at java.net.URLClassLoader$1.run(URLClassLoader.java:363)
	at java.security.AccessController.doPrivileged(Native Method)
	at java.net.URLClassLoader.findClass(URLClassLoader.java:362)
	at java.lang.ClassLoader.loadClass(ClassLoader.java:424)
	at sun.misc.Launcher$AppClassLoader.loadClass(Launcher.java:349)
	at java.lang.ClassLoader.loadClass(ClassLoader.java:357)
	at com.teststore.utility.NewExcelLibrary.&lt;init&gt;(NewExcelLibrary.java:36)
	at com.teststore.dataprovider.DataProviders.&lt;init&gt;(DataProviders.java:9)
	at sun.reflect.NativeConstructorAccessorImpl.newInstance0(Native Method)
	at sun.reflect.NativeConstructorAccessorImpl.newInstance(NativeConstructorAccessorImpl.java:62)
	at sun.reflect.DelegatingConstructorAccessorImpl.newInstance(DelegatingConstructorAccessorImpl.java:45)
	at java.lang.reflect.Constructor.newInstance(Constructor.java:423)
	at java.lang.Class.newInstance(Class.java:442)
	at org.testng.internal.ClassHelper.newInstance(ClassHelper.java:69)
	at org.testng.internal.Parameters.findDataProvider(Parameters.java:582)
	at org.testng.internal.Parameters.findDataProvider(Parameters.java:509)
	at org.testng.internal.Parameters.handleParameters(Parameters.java:691)
	at org.testng.internal.ParameterHandler.handleParameters(ParameterHandler.java:49)
	at org.testng.internal.ParameterHandler.createParameters(ParameterHandler.java:37)
	at org.testng.internal.Invoker.invokeTestMethods(Invoker.java:924)
	at org.testng.internal.TestMethodWorker.invokeTestMethods(TestMethodWorker.java:125)
	at org.testng.internal.TestMethodWorker.run(TestMethodWorker.java:109)
	at org.testng.TestRunner.privateRun(TestRunner.java:648)
	at org.testng.TestRunner.run(TestRunner.java:505)
	at org.testng.SuiteRunner.runTest(SuiteRunner.java:455)
	at org.testng.SuiteRunner.runSequentially(SuiteRunner.java:450)
	at org.testng.SuiteRunner.privateRun(SuiteRunner.java:415)
	at org.testng.SuiteRunner.run(SuiteRunner.java:364)
	at org.testng.SuiteRunnerWorker.runSuite(SuiteRunnerWorker.java:52)
	at org.testng.SuiteRunnerWorker.run(SuiteRunnerWorker.java:84)
	at org.testng.TestNG.runSuitesSequentially(TestNG.java:1208)
	at org.testng.TestNG.runSuitesLocally(TestNG.java:1137)
	at org.testng.TestNG.runSuites(TestNG.java:1049)
	at org.testng.TestNG.run(TestNG.java:1017)
	at org.apache.maven.surefire.testng.TestNGExecutor.run(TestNGExecutor.java:283)
	at org.apache.maven.surefire.testng.TestNGXmlTestSuite.execute(TestNGXmlTestSuite.java:75)
	at org.apache.maven.surefire.testng.TestNGProvider.invoke(TestNGProvider.java:120)
	at org.apache.maven.surefire.booter.ForkedBooter.runSuitesInProcess(ForkedBooter.java:377)
	at org.apache.maven.surefire.booter.ForkedBooter.execute(ForkedBooter.java:138)
	at org.apache.maven.surefire.booter.ForkedBooter.run(ForkedBooter.java:465)
	at org.apache.maven.surefire.booter.ForkedBooter.main(ForkedBooter.java:451)

]]></system-err>
  </testcase>
  <testcase name="validateWellcomeMSG" classname="com.teststore.testcases.HomePageTest" time="4.502"/>
  <testcase name="searchArmaniProduct" classname="com.teststore.testcases.SearchProductPageTest" time="7.921"/>
  <testcase name="addToCartPageTest" classname="com.teststore.testcases.AddToCartPageTest" time="11.382"/>
  <testcase name="checkOutTest" classname="com.teststore.testcases.CheckOutPageTest" time="16.278"/>
  <testcase name="confirmOrderTest" classname="com.teststore.testcases.OrderConfirmPageTest" time="18.56"/>
  <testcase name="endToEndTest" classname="com.teststore.testcases.EndToEndTest" time="18.134"/>
</testsuite>